<?xml version="1.0" encoding="UTF-8"?>
<!-- Generated by org.testng.reporters.JUnitXMLReporter -->
<testsuite ignored="0" hostname="DESKTOP-TG07KJ2" failures="0" tests="9" name="Command line test" time="185.797" errors="0" timestamp="2024-09-26T22:09:16 CDT">
  <testcase classname="bag.com.AddProductToBagTest" name="testUntitledTestCase" time="25.52"/>
  <testcase classname="bag.com.RemoveProductToBagTest" name="testUntitledTestCase" time="30.671"/>
  <testcase classname="FAQReturn.com.FAQReturnsTest" name="testFAQReturns" time="16.895"/>
  <testcase classname="product.com.SearchNonExistentProductTest" name="testUntitledTestCase" time="13.07"/>
  <testcase classname="product.com.SearchProductByNameTest" name="testUntitledTestCase" time="19.918"/>
  <testcase classname="rewards.com.RewardsTest" name="testUntitledTestCase" time="11.657"/>
  <testcase classname="store.com.SearchStoreByCityStateTest" name="testSearchStoreByCityStateDirections" time="23.349"/>
  <testcase classname="store.com.SearchStoreByInvalidZipCodeTest" name="testUntitledTestCase" time="15.037"/>
  <testcase classname="store.com.SearchStoreByZipCodeTest" name="testSearchStoreByZipCode" time="20.157"/>
</testsuite> <!-- Command line test -->
