<?xml version="1.0" encoding="UTF-8"?>
<testng-results ignored="0" total="9" passed="9" failed="0" skipped="0">
  <reporter-output>
  </reporter-output>
  <suite started-at="2024-09-26T22:06:10 CDT" name="Command line suite" finished-at="2024-09-26T22:09:16 CDT" duration-ms="185797">
    <groups>
    </groups>
    <test started-at="2024-09-26T22:06:10 CDT" name="Command line test" finished-at="2024-09-26T22:09:16 CDT" duration-ms="185797">
      <class name="store.com.SearchStoreByZipCodeTest">
        <test-method is-config="true" signature="setUpClass()[pri:0, instance:store.com.SearchStoreByZipCodeTest@16aa0a0a]" started-at="2024-09-26T22:08:55 CDT" name="setUpClass" finished-at="2024-09-26T22:08:55 CDT" duration-ms="0" status="PASS">
          <reporter-output>
          </reporter-output>
        </test-method> <!-- setUpClass -->
        <test-method is-config="true" signature="setUpMethod()[pri:0, instance:store.com.SearchStoreByZipCodeTest@16aa0a0a]" started-at="2024-09-26T22:08:55 CDT" name="setUpMethod" finished-at="2024-09-26T22:08:55 CDT" duration-ms="877" status="PASS">
          <reporter-output>
          </reporter-output>
        </test-method> <!-- setUpMethod -->
        <test-method signature="testSearchStoreByZipCode()[pri:0, instance:store.com.SearchStoreByZipCodeTest@16aa0a0a]" started-at="2024-09-26T22:08:55 CDT" name="testSearchStoreByZipCode" finished-at="2024-09-26T22:09:16 CDT" duration-ms="20157" status="PASS">
          <reporter-output>
          </reporter-output>
        </test-method> <!-- testSearchStoreByZipCode -->
        <test-method is-config="true" signature="tearDownMethod()[pri:0, instance:store.com.SearchStoreByZipCodeTest@16aa0a0a]" started-at="2024-09-26T22:09:16 CDT" name="tearDownMethod" finished-at="2024-09-26T22:09:16 CDT" duration-ms="0" status="PASS">
          <reporter-output>
          </reporter-output>
        </test-method> <!-- tearDownMethod -->
        <test-method is-config="true" signature="tearDownClass()[pri:0, instance:store.com.SearchStoreByZipCodeTest@16aa0a0a]" started-at="2024-09-26T22:09:16 CDT" name="tearDownClass" finished-at="2024-09-26T22:09:16 CDT" duration-ms="1" status="PASS">
          <reporter-output>
          </reporter-output>
        </test-method> <!-- tearDownClass -->
      </class> <!-- store.com.SearchStoreByZipCodeTest -->
      <class name="product.com.SearchNonExistentProductTest">
        <test-method is-config="true" signature="setUpClass()[pri:0, instance:product.com.SearchNonExistentProductTest@5762806e]" started-at="2024-09-26T22:07:27 CDT" name="setUpClass" finished-at="2024-09-26T22:07:27 CDT" duration-ms="1" status="PASS">
          <reporter-output>
          </reporter-output>
        </test-method> <!-- setUpClass -->
        <test-method is-config="true" signature="setUpMethod()[pri:0, instance:product.com.SearchNonExistentProductTest@5762806e]" started-at="2024-09-26T22:07:27 CDT" name="setUpMethod" finished-at="2024-09-26T22:07:28 CDT" duration-ms="883" status="PASS">
          <reporter-output>
          </reporter-output>
        </test-method> <!-- setUpMethod -->
        <test-method signature="testUntitledTestCase()[pri:0, instance:product.com.SearchNonExistentProductTest@5762806e]" started-at="2024-09-26T22:07:28 CDT" name="testUntitledTestCase" finished-at="2024-09-26T22:07:41 CDT" duration-ms="13070" status="PASS">
          <reporter-output>
          </reporter-output>
        </test-method> <!-- testUntitledTestCase -->
        <test-method is-config="true" signature="tearDownMethod()[pri:0, instance:product.com.SearchNonExistentProductTest@5762806e]" started-at="2024-09-26T22:07:41 CDT" name="tearDownMethod" finished-at="2024-09-26T22:07:41 CDT" duration-ms="1" status="PASS">
          <reporter-output>
          </reporter-output>
        </test-method> <!-- tearDownMethod -->
        <test-method is-config="true" signature="tearDownClass()[pri:0, instance:product.com.SearchNonExistentProductTest@5762806e]" started-at="2024-09-26T22:07:41 CDT" name="tearDownClass" finished-at="2024-09-26T22:07:41 CDT" duration-ms="0" status="PASS">
          <reporter-output>
          </reporter-output>
        </test-method> <!-- tearDownClass -->
      </class> <!-- product.com.SearchNonExistentProductTest -->
      <class name="bag.com.AddProductToBagTest">
        <test-method is-config="true" signature="setUpClass()[pri:0, instance:bag.com.AddProductToBagTest@240237d2]" started-at="2024-09-26T22:06:10 CDT" name="setUpClass" finished-at="2024-09-26T22:06:10 CDT" duration-ms="15" status="PASS">
          <reporter-output>
          </reporter-output>
        </test-method> <!-- setUpClass -->
        <test-method is-config="true" signature="setUpMethod()[pri:0, instance:bag.com.AddProductToBagTest@240237d2]" started-at="2024-09-26T22:06:10 CDT" name="setUpMethod" finished-at="2024-09-26T22:06:12 CDT" duration-ms="1831" status="PASS">
          <reporter-output>
          </reporter-output>
        </test-method> <!-- setUpMethod -->
        <test-method signature="testUntitledTestCase()[pri:0, instance:bag.com.AddProductToBagTest@240237d2]" started-at="2024-09-26T22:06:12 CDT" name="testUntitledTestCase" finished-at="2024-09-26T22:06:37 CDT" duration-ms="25520" status="PASS">
          <reporter-output>
          </reporter-output>
        </test-method> <!-- testUntitledTestCase -->
        <test-method is-config="true" signature="tearDownMethod()[pri:0, instance:bag.com.AddProductToBagTest@240237d2]" started-at="2024-09-26T22:06:37 CDT" name="tearDownMethod" finished-at="2024-09-26T22:06:37 CDT" duration-ms="0" status="PASS">
          <reporter-output>
          </reporter-output>
        </test-method> <!-- tearDownMethod -->
        <test-method is-config="true" signature="tearDownClass()[pri:0, instance:bag.com.AddProductToBagTest@240237d2]" started-at="2024-09-26T22:06:37 CDT" name="tearDownClass" finished-at="2024-09-26T22:06:37 CDT" duration-ms="0" status="PASS">
          <reporter-output>
          </reporter-output>
        </test-method> <!-- tearDownClass -->
      </class> <!-- bag.com.AddProductToBagTest -->
      <class name="product.com.SearchProductByNameTest">
        <test-method is-config="true" signature="setUpClass()[pri:0, instance:product.com.SearchProductByNameTest@17c386de]" started-at="2024-09-26T22:07:41 CDT" name="setUpClass" finished-at="2024-09-26T22:07:41 CDT" duration-ms="0" status="PASS">
          <reporter-output>
          </reporter-output>
        </test-method> <!-- setUpClass -->
        <test-method is-config="true" signature="setUpMethod()[pri:0, instance:product.com.SearchProductByNameTest@17c386de]" started-at="2024-09-26T22:07:41 CDT" name="setUpMethod" finished-at="2024-09-26T22:07:42 CDT" duration-ms="969" status="PASS">
          <reporter-output>
          </reporter-output>
        </test-method> <!-- setUpMethod -->
        <test-method signature="testUntitledTestCase()[pri:0, instance:product.com.SearchProductByNameTest@17c386de]" started-at="2024-09-26T22:07:42 CDT" name="testUntitledTestCase" finished-at="2024-09-26T22:08:02 CDT" duration-ms="19918" status="PASS">
          <reporter-output>
          </reporter-output>
        </test-method> <!-- testUntitledTestCase -->
        <test-method is-config="true" signature="tearDownMethod()[pri:0, instance:product.com.SearchProductByNameTest@17c386de]" started-at="2024-09-26T22:08:02 CDT" name="tearDownMethod" finished-at="2024-09-26T22:08:02 CDT" duration-ms="0" status="PASS">
          <reporter-output>
          </reporter-output>
        </test-method> <!-- tearDownMethod -->
        <test-method is-config="true" signature="tearDownClass()[pri:0, instance:product.com.SearchProductByNameTest@17c386de]" started-at="2024-09-26T22:08:02 CDT" name="tearDownClass" finished-at="2024-09-26T22:08:02 CDT" duration-ms="0" status="PASS">
          <reporter-output>
          </reporter-output>
        </test-method> <!-- tearDownClass -->
      </class> <!-- product.com.SearchProductByNameTest -->
      <class name="store.com.SearchStoreByInvalidZipCodeTest">
        <test-method is-config="true" signature="setUpClass()[pri:0, instance:store.com.SearchStoreByInvalidZipCodeTest@1d548a08]" started-at="2024-09-26T22:08:39 CDT" name="setUpClass" finished-at="2024-09-26T22:08:39 CDT" duration-ms="0" status="PASS">
          <reporter-output>
          </reporter-output>
        </test-method> <!-- setUpClass -->
        <test-method is-config="true" signature="setUpMethod()[pri:0, instance:store.com.SearchStoreByInvalidZipCodeTest@1d548a08]" started-at="2024-09-26T22:08:39 CDT" name="setUpMethod" finished-at="2024-09-26T22:08:40 CDT" duration-ms="902" status="PASS">
          <reporter-output>
          </reporter-output>
        </test-method> <!-- setUpMethod -->
        <test-method signature="testUntitledTestCase()[pri:0, instance:store.com.SearchStoreByInvalidZipCodeTest@1d548a08]" started-at="2024-09-26T22:08:40 CDT" name="testUntitledTestCase" finished-at="2024-09-26T22:08:55 CDT" duration-ms="15037" status="PASS">
          <reporter-output>
          </reporter-output>
        </test-method> <!-- testUntitledTestCase -->
        <test-method is-config="true" signature="tearDownMethod()[pri:0, instance:store.com.SearchStoreByInvalidZipCodeTest@1d548a08]" started-at="2024-09-26T22:08:55 CDT" name="tearDownMethod" finished-at="2024-09-26T22:08:55 CDT" duration-ms="1" status="PASS">
          <reporter-output>
          </reporter-output>
        </test-method> <!-- tearDownMethod -->
        <test-method is-config="true" signature="tearDownClass()[pri:0, instance:store.com.SearchStoreByInvalidZipCodeTest@1d548a08]" started-at="2024-09-26T22:08:55 CDT" name="tearDownClass" finished-at="2024-09-26T22:08:55 CDT" duration-ms="1" status="PASS">
          <reporter-output>
          </reporter-output>
        </test-method> <!-- tearDownClass -->
      </class> <!-- store.com.SearchStoreByInvalidZipCodeTest -->
      <class name="bag.com.RemoveProductToBagTest">
        <test-method is-config="true" signature="setUpClass()[pri:0, instance:bag.com.RemoveProductToBagTest@2aece37d]" started-at="2024-09-26T22:06:37 CDT" name="setUpClass" finished-at="2024-09-26T22:06:37 CDT" duration-ms="0" status="PASS">
          <reporter-output>
          </reporter-output>
        </test-method> <!-- setUpClass -->
        <test-method is-config="true" signature="setUpMethod()[pri:0, instance:bag.com.RemoveProductToBagTest@2aece37d]" started-at="2024-09-26T22:06:37 CDT" name="setUpMethod" finished-at="2024-09-26T22:06:38 CDT" duration-ms="976" status="PASS">
          <reporter-output>
          </reporter-output>
        </test-method> <!-- setUpMethod -->
        <test-method signature="testUntitledTestCase()[pri:0, instance:bag.com.RemoveProductToBagTest@2aece37d]" started-at="2024-09-26T22:06:38 CDT" name="testUntitledTestCase" finished-at="2024-09-26T22:07:09 CDT" duration-ms="30671" status="PASS">
          <reporter-output>
          </reporter-output>
        </test-method> <!-- testUntitledTestCase -->
        <test-method is-config="true" signature="tearDownMethod()[pri:0, instance:bag.com.RemoveProductToBagTest@2aece37d]" started-at="2024-09-26T22:07:09 CDT" name="tearDownMethod" finished-at="2024-09-26T22:07:09 CDT" duration-ms="1" status="PASS">
          <reporter-output>
          </reporter-output>
        </test-method> <!-- tearDownMethod -->
        <test-method is-config="true" signature="tearDownClass()[pri:0, instance:bag.com.RemoveProductToBagTest@2aece37d]" started-at="2024-09-26T22:07:09 CDT" name="tearDownClass" finished-at="2024-09-26T22:07:09 CDT" duration-ms="1" status="PASS">
          <reporter-output>
          </reporter-output>
        </test-method> <!-- tearDownClass -->
      </class> <!-- bag.com.RemoveProductToBagTest -->
      <class name="rewards.com.RewardsTest">
        <test-method is-config="true" signature="setUpClass()[pri:0, instance:rewards.com.RewardsTest@5af97850]" started-at="2024-09-26T22:08:02 CDT" name="setUpClass" finished-at="2024-09-26T22:08:02 CDT" duration-ms="0" status="PASS">
          <reporter-output>
          </reporter-output>
        </test-method> <!-- setUpClass -->
        <test-method is-config="true" signature="setUpMethod()[pri:0, instance:rewards.com.RewardsTest@5af97850]" started-at="2024-09-26T22:08:02 CDT" name="setUpMethod" finished-at="2024-09-26T22:08:03 CDT" duration-ms="979" status="PASS">
          <reporter-output>
          </reporter-output>
        </test-method> <!-- setUpMethod -->
        <test-method signature="testUntitledTestCase()[pri:0, instance:rewards.com.RewardsTest@5af97850]" started-at="2024-09-26T22:08:03 CDT" name="testUntitledTestCase" finished-at="2024-09-26T22:08:14 CDT" duration-ms="11657" status="PASS">
          <reporter-output>
          </reporter-output>
        </test-method> <!-- testUntitledTestCase -->
        <test-method is-config="true" signature="tearDownClass()[pri:0, instance:rewards.com.RewardsTest@5af97850]" started-at="2024-09-26T22:08:14 CDT" name="tearDownClass" finished-at="2024-09-26T22:08:14 CDT" duration-ms="1" status="PASS">
          <reporter-output>
          </reporter-output>
        </test-method> <!-- tearDownClass -->
        <test-method is-config="true" signature="tearDownMethod()[pri:0, instance:rewards.com.RewardsTest@5af97850]" started-at="2024-09-26T22:08:14 CDT" name="tearDownMethod" finished-at="2024-09-26T22:08:14 CDT" duration-ms="0" status="PASS">
          <reporter-output>
          </reporter-output>
        </test-method> <!-- tearDownMethod -->
      </class> <!-- rewards.com.RewardsTest -->
      <class name="store.com.SearchStoreByCityStateTest">
        <test-method is-config="true" signature="setUpClass()[pri:0, instance:store.com.SearchStoreByCityStateTest@5ef60048]" started-at="2024-09-26T22:08:14 CDT" name="setUpClass" finished-at="2024-09-26T22:08:14 CDT" duration-ms="0" status="PASS">
          <reporter-output>
          </reporter-output>
        </test-method> <!-- setUpClass -->
        <test-method is-config="true" signature="setUpMethod()[pri:0, instance:store.com.SearchStoreByCityStateTest@5ef60048]" started-at="2024-09-26T22:08:14 CDT" name="setUpMethod" finished-at="2024-09-26T22:08:15 CDT" duration-ms="976" status="PASS">
          <reporter-output>
          </reporter-output>
        </test-method> <!-- setUpMethod -->
        <test-method signature="testSearchStoreByCityStateDirections()[pri:0, instance:store.com.SearchStoreByCityStateTest@5ef60048]" started-at="2024-09-26T22:08:15 CDT" name="testSearchStoreByCityStateDirections" finished-at="2024-09-26T22:08:39 CDT" duration-ms="23349" status="PASS">
          <reporter-output>
          </reporter-output>
        </test-method> <!-- testSearchStoreByCityStateDirections -->
        <test-method is-config="true" signature="tearDownMethod()[pri:0, instance:store.com.SearchStoreByCityStateTest@5ef60048]" started-at="2024-09-26T22:08:39 CDT" name="tearDownMethod" finished-at="2024-09-26T22:08:39 CDT" duration-ms="0" status="PASS">
          <reporter-output>
          </reporter-output>
        </test-method> <!-- tearDownMethod -->
        <test-method is-config="true" signature="tearDownClass()[pri:0, instance:store.com.SearchStoreByCityStateTest@5ef60048]" started-at="2024-09-26T22:08:39 CDT" name="tearDownClass" finished-at="2024-09-26T22:08:39 CDT" duration-ms="0" status="PASS">
          <reporter-output>
          </reporter-output>
        </test-method> <!-- tearDownClass -->
      </class> <!-- store.com.SearchStoreByCityStateTest -->
      <class name="FAQReturn.com.FAQReturnsTest">
        <test-method is-config="true" signature="setUpClass()[pri:0, instance:FAQReturn.com.FAQReturnsTest@548a102f]" started-at="2024-09-26T22:07:09 CDT" name="setUpClass" finished-at="2024-09-26T22:07:09 CDT" duration-ms="0" status="PASS">
          <reporter-output>
          </reporter-output>
        </test-method> <!-- setUpClass -->
        <test-method is-config="true" signature="setUpMethod()[pri:0, instance:FAQReturn.com.FAQReturnsTest@548a102f]" started-at="2024-09-26T22:07:09 CDT" name="setUpMethod" finished-at="2024-09-26T22:07:10 CDT" duration-ms="1025" status="PASS">
          <reporter-output>
          </reporter-output>
        </test-method> <!-- setUpMethod -->
        <test-method signature="testFAQReturns()[pri:0, instance:FAQReturn.com.FAQReturnsTest@548a102f]" started-at="2024-09-26T22:07:10 CDT" name="testFAQReturns" finished-at="2024-09-26T22:07:27 CDT" duration-ms="16895" status="PASS">
          <reporter-output>
          </reporter-output>
        </test-method> <!-- testFAQReturns -->
        <test-method is-config="true" signature="tearDownMethod()[pri:0, instance:FAQReturn.com.FAQReturnsTest@548a102f]" started-at="2024-09-26T22:07:27 CDT" name="tearDownMethod" finished-at="2024-09-26T22:07:27 CDT" duration-ms="0" status="PASS">
          <reporter-output>
          </reporter-output>
        </test-method> <!-- tearDownMethod -->
        <test-method is-config="true" signature="tearDownClass()[pri:0, instance:FAQReturn.com.FAQReturnsTest@548a102f]" started-at="2024-09-26T22:07:27 CDT" name="tearDownClass" finished-at="2024-09-26T22:07:27 CDT" duration-ms="1" status="PASS">
          <reporter-output>
          </reporter-output>
        </test-method> <!-- tearDownClass -->
      </class> <!-- FAQReturn.com.FAQReturnsTest -->
    </test> <!-- Command line test -->
  </suite> <!-- Command line suite -->
</testng-results>
